###############################################################################
#
# IAR ANSI C/C++ Compiler V8.22.2.15995/W32 for ARM       19/Apr/2018  09:37:30
# Copyright 1999-2018 IAR Systems AB.
#
#    Cpu mode     =  thumb
#    Endian       =  little
#    Source file  =  
#        C:\Users\Tim\Programming\Code\ARM_32\SimpleFeatures\Exceptions\Code\C\main.c
#    Command line =  
#        -f C:\Users\Tim\AppData\Local\Temp\EW3675.tmp
#        (C:\Users\Tim\Programming\Code\ARM_32\SimpleFeatures\Exceptions\Code\C\main.c
#        -lC
#        C:\Users\Tim\Programming\Code\ARM_32\SimpleFeatures\Exceptions\Code\C\Debug\List
#        -lA
#        C:\Users\Tim\Programming\Code\ARM_32\SimpleFeatures\Exceptions\Code\C\Debug\List
#        -o
#        C:\Users\Tim\Programming\Code\ARM_32\SimpleFeatures\Exceptions\Code\C\Debug\Obj
#        --no_cse --no_unroll --no_inline --no_code_motion --no_tbaa
#        --no_clustering --no_scheduling --debug --endian=little
#        --cpu=Cortex-M4 --fpu=None --dlib_config "C:\Program Files (x86)\IAR
#        Systems\Embedded Workbench 8.0\arm\INC\c\DLib_Config_Normal.h" -On)
#    Locale       =  C
#    List file    =  
#        C:\Users\Tim\Programming\Code\ARM_32\SimpleFeatures\Exceptions\Code\C\Debug\List\main.lst
#    Object file  =  
#        C:\Users\Tim\Programming\Code\ARM_32\SimpleFeatures\Exceptions\Code\C\Debug\Obj\main.o
#
###############################################################################

C:\Users\Tim\Programming\Code\ARM_32\SimpleFeatures\Exceptions\Code\C\main.c
      1          /* C approximation of excepion handling */
      2          
      3          #include <stdio.h>
      4          #include <setjmp.h>
      5          

   \                                 In section .bss, align 8
      6          jmp_buf ConstCharStarException;
   \                     ConstCharStarException:
   \   00000000                      DS8 64

   \                                 In section .bss, align 4
      7          const char* ConstCharStarExceptionValue;
   \                     ConstCharStarExceptionValue:
   \   00000000                      DS8 4
      8          

   \                                 In section .text, align 2, keep-with-next
      9          int factorial(int n) {
   \                     factorial: (+1)
   \   00000000   0xB510             PUSH     {R4,LR}
   \   00000002   0x0004             MOVS     R4,R0
     10          	if (n < 0) {
   \   00000004   0x2C00             CMP      R4,#+0
   \   00000006   0xD506             BPL.N    ??factorial_0
     11          		ConstCharStarExceptionValue = "Negative argument to factorial";
   \   00000008   0x....             LDR.N    R0,??DataTable1
   \   0000000A   0x....             LDR.N    R1,??DataTable1_1
   \   0000000C   0x6008             STR      R0,[R1, #+0]
     12          		longjmp(ConstCharStarException, 0);
   \   0000000E   0x2100             MOVS     R1,#+0
   \   00000010   0x....             LDR.N    R0,??DataTable1_2
   \   00000012   0x.... 0x....      BL       longjmp
     13          	}
     14          
     15          	if (n > 0) {
   \                     ??factorial_0: (+1)
   \   00000016   0x2C01             CMP      R4,#+1
   \   00000018   0xDB05             BLT.N    ??factorial_1
     16          		return (n * factorial(n - 1));
   \   0000001A   0x1E60             SUBS     R0,R4,#+1
   \   0000001C   0xF7FF 0xFFF0      BL       factorial
   \   00000020   0xFB00 0xF004      MUL      R0,R0,R4
   \   00000024   0xE000             B.N      ??factorial_2
     17          	}
     18          
     19          	return 1;
   \                     ??factorial_1: (+1)
   \   00000026   0x2001             MOVS     R0,#+1
   \                     ??factorial_2: (+1)
   \   00000028   0xBD10             POP      {R4,PC}          ;; return
     20          }
     21          

   \                                 In section .text, align 2, keep-with-next
     22          int main() {
   \                     main: (+1)
   \   00000000   0xB510             PUSH     {R4,LR}
     23          
     24          	if (setjmp(ConstCharStarException) == 0) {
   \   00000002   0x....             LDR.N    R0,??DataTable1_2
   \   00000004   0x.... 0x....      BL       setjmp
   \   00000008   0x2800             CMP      R0,#+0
   \   0000000A   0xD108             BNE.N    ??main_0
     25          		int n = factorial(10);
   \   0000000C   0x200A             MOVS     R0,#+10
   \   0000000E   0x.... 0x....      BL       factorial
   \   00000012   0x0004             MOVS     R4,R0
     26          		printf("factorial(10) = %d",n);
   \   00000014   0x0021             MOVS     R1,R4
   \   00000016   0x....             LDR.N    R0,??DataTable1_3
   \   00000018   0x.... 0x....      BL       printf
   \   0000001C   0xE004             B.N      ??main_1
     27          	}
     28          	else {
     29          		printf("factorial threw exception: %s\n",ConstCharStarExceptionValue);
   \                     ??main_0: (+1)
   \   0000001E   0x....             LDR.N    R0,??DataTable1_1
   \   00000020   0x6801             LDR      R1,[R0, #+0]
   \   00000022   0x....             LDR.N    R0,??DataTable1_4
   \   00000024   0x.... 0x....      BL       printf
     30          	}
     31          
     32          	while (1) {
   \                     ??main_1: (+1)
   \   00000028   0xE7FE             B.N      ??main_1
     33          		
     34          	}
     35          }

   \                                 In section .text, align 4, keep-with-next
   \                     ??DataTable1:
   \   00000000   0x........         DC32     ?_0

   \                                 In section .text, align 4, keep-with-next
   \                     ??DataTable1_1:
   \   00000000   0x........         DC32     ConstCharStarExceptionValue

   \                                 In section .text, align 4, keep-with-next
   \                     ??DataTable1_2:
   \   00000000   0x........         DC32     ConstCharStarException

   \                                 In section .text, align 4, keep-with-next
   \                     ??DataTable1_3:
   \   00000000   0x........         DC32     ?_1

   \                                 In section .text, align 4, keep-with-next
   \                     ??DataTable1_4:
   \   00000000   0x........         DC32     ?_2

   \                                 In section .rodata, align 4
   \                     ?_0:
   \   00000000   0x4E 0x65          DC8 "Negative argument to factorial"
   \              0x67 0x61    
   \              0x74 0x69    
   \              0x76 0x65    
   \              0x20 0x61    
   \              0x72 0x67    
   \              0x75 0x6D    
   \              0x65 0x6E    
   \              0x74 0x20    
   \              0x74 0x6F    
   \              0x20 0x66    
   \              0x61 0x63    
   \              0x74 0x6F    
   \              0x72 0x69    
   \              0x61 0x6C    
   \              0x00         
   \   0000001F   0x00               DC8 0

   \                                 In section .rodata, align 4
   \                     ?_1:
   \   00000000   0x66 0x61          DC8 "factorial(10) = %d"
   \              0x63 0x74    
   \              0x6F 0x72    
   \              0x69 0x61    
   \              0x6C 0x28    
   \              0x31 0x30    
   \              0x29 0x20    
   \              0x3D 0x20    
   \              0x25 0x64    
   \              0x00         
   \   00000013   0x00               DC8 0

   \                                 In section .rodata, align 4
   \                     ?_2:
   \   00000000   0x66 0x61          DC8 "factorial threw exception: %s\012"
   \              0x63 0x74    
   \              0x6F 0x72    
   \              0x69 0x61    
   \              0x6C 0x20    
   \              0x74 0x68    
   \              0x72 0x65    
   \              0x77 0x20    
   \              0x65 0x78    
   \              0x63 0x65    
   \              0x70 0x74    
   \              0x69 0x6F    
   \              0x6E 0x3A    
   \              0x20 0x25    
   \              0x73 0x0A    
   \              0x00         
   \   0000001F   0x00               DC8 0

   Maximum stack usage in bytes:

   .cstack Function
   ------- --------
       8   factorial
         8   -> factorial
         8   -> longjmp
       8   main
         8   -> factorial
         8   -> printf
         8   -> setjmp


   Section sizes:

   Bytes  Function/Label
   -----  --------------
       4  ??DataTable1
       4  ??DataTable1_1
       4  ??DataTable1_2
       4  ??DataTable1_3
       4  ??DataTable1_4
      32  ?_0
      20  ?_1
      32  ?_2
      64  ConstCharStarException
       4  ConstCharStarExceptionValue
      42  factorial
      42  main

 
  68 bytes in section .bss
  84 bytes in section .rodata
 104 bytes in section .text
 
 104 bytes of CODE  memory
  84 bytes of CONST memory
  68 bytes of DATA  memory

Errors: none
Warnings: none
